Arguments: 
  C:\Program Files\nodejs\node.exe C:\Users\Administrator\AppData\Roaming\npm\node_modules\yarn\bin\yarn.js install

PATH: 
  C:\Users\Administrator\bin;D:\git\Git\mingw64\bin;D:\git\Git\usr\local\bin;D:\git\Git\usr\bin;D:\git\Git\usr\bin;D:\git\Git\mingw64\bin;D:\git\Git\usr\bin;C:\Users\Administrator\bin;C:\Windows\system32;C:\Windows;C:\Windows\System32\Wbem;C:\Windows\System32\WindowsPowerShell\v1.0;D:\git\Git\cmd;C:\Program Files\nodejs;C:\Users\Administrator\AppData\Local\Microsoft\WindowsApps;C:\Users\Administrator\AppData\Roaming\npm;D:\git\Git\usr\bin\vendor_perl;D:\git\Git\usr\bin\core_perl

Yarn version: 
  1.12.3

Node version: 
  10.12.0

Platform: 
  win32 x64

Trace: 
  Error: ENOENT: no such file or directory, copyfile 'C:\Users\Administrator\AppData\Local\Yarn\Cache\v4\npm-ms-2.1.1-30a5864eb3ebb0a66f2ebe6d727af06a09d86e0a\node_modules\ms\readme.md' -> 'C:\Users\Administrator\Desktop\订餐\eleme\node_modules\stylus\node_modules\ms\readme.md'

npm manifest: 
  {
    "name": "eleme",
    "version": "1.0.0",
    "description": "A Vue.js project",
    "author": "yangyi <639293382@qq.com>",
    "private": true,
    "scripts": {
      "dev": "node build/dev-server.js",
      "build": "node build/build.js",
      "lint": "eslint --ext .js,.vue src"
    },
    "dependencies": {
      "better-scroll": "^0.1.8",
      "stylus": "^0.54.5",
      "vue": "^2.1.0",
      "vue-resource": "^1.0.3",
      "vue-router": "^2.1.1"
    },
    "devDependencies": {
      "stylus-loader": "^2.4.0",
      "autoprefixer": "^6.4.0",
      "babel-core": "^6.0.0",
      "babel-eslint": "^7.0.0",
      "babel-loader": "^6.0.0",
      "babel-plugin-transform-runtime": "^6.0.0",
      "babel-preset-es2015": "^6.0.0",
      "babel-preset-stage-2": "^6.0.0",
      "babel-register": "^6.0.0",
      "chalk": "^1.1.3",
      "connect-history-api-fallback": "^1.1.0",
      "css-loader": "^0.25.0",
      "eslint": "^3.7.1",
      "eslint-friendly-formatter": "^2.0.5",
      "eslint-loader": "^1.5.0",
      "eslint-plugin-html": "^1.3.0",
      "eslint-config-standard": "^6.1.0",
      "eslint-plugin-promise": "^2.0.1",
      "eslint-plugin-standard": "^2.0.1",
      "eventsource-polyfill": "^0.9.6",
      "express": "^4.13.3",
      "extract-text-webpack-plugin": "^1.0.1",
      "file-loader": "^0.9.0",
      "function-bind": "^1.0.2",
      "html-webpack-plugin": "^2.8.1",
      "http-proxy-middleware": "^0.17.2",
      "json-loader": "^0.5.4",
      "semver": "^5.3.0",
      "opn": "^4.0.2",
      "ora": "^0.3.0",
      "shelljs": "^0.7.4",
      "url-loader": "^0.5.7",
      "vue-loader": "^10.0.0",
      "vue-style-loader": "^1.0.0",
      "vue-template-compiler": "^2.1.0",
      "webpack": "^1.13.2",
      "webpack-dev-middleware": "^1.8.3",
      "webpack-hot-middleware": "^2.12.2",
      "webpack-merge": "^0.14.1"
    },
    "engines": {
      "node": ">= 4.0.0",
      "npm": ">= 3.0.0"
    }
  }

yarn manifest: 
  No manifest

Lockfile: 
  No lockfile
